<?xml version="1.0" encoding="UTF-8"?>
<testng-results skipped="0" failed="2" total="5" passed="3">
  <reporter-output>
  </reporter-output>
  <suite name="Default suite" duration-ms="218" started-at="2015-05-16T11:40:11Z" finished-at="2015-05-16T11:40:11Z">
    <groups>
    </groups>
    <test name="Default test" duration-ms="218" started-at="2015-05-16T11:40:11Z" finished-at="2015-05-16T11:40:11Z">
      <class name="com.FCI.SWE.ServicesModelsTests.LikePageEntityTest">
        <test-method status="FAIL" signature="Like()[pri:0, instance:com.FCI.SWE.ServicesModelsTests.LikePageEntityTest@2e4a4890]" name="Like" duration-ms="181" started-at="2015-05-16T14:40:11Z" finished-at="2015-05-16T14:40:11Z">
          <exception class="java.lang.NullPointerException">
            <message>
              <![CDATA[No API environment is registered for this thread.]]>
            </message>
            <full-stacktrace>
              <![CDATA[java.lang.NullPointerException: No API environment is registered for this thread.
	at com.google.appengine.api.datastore.DatastoreApiHelper.getCurrentAppId(DatastoreApiHelper.java:117)
	at com.google.appengine.api.datastore.DatastoreApiHelper.getCurrentAppIdNamespace(DatastoreApiHelper.java:133)
	at com.google.appengine.api.datastore.Query.<init>(Query.java:215)
	at com.google.appengine.api.datastore.Query.<init>(Query.java:144)
	at com.FCI.SWE.ServicesModels.LikePageEntity.Like(LikePageEntity.java:57)
	at com.FCI.SWE.ServicesModelsTests.LikePageEntityTest.Like(LikePageEntityTest.java:28)
	at sun.reflect.NativeMethodAccessorImpl.invoke0(Native Method)
	at sun.reflect.NativeMethodAccessorImpl.invoke(NativeMethodAccessorImpl.java:57)
	at sun.reflect.DelegatingMethodAccessorImpl.invoke(DelegatingMethodAccessorImpl.java:43)
	at java.lang.reflect.Method.invoke(Method.java:606)
	at org.testng.internal.MethodInvocationHelper.invokeMethod(MethodInvocationHelper.java:85)
	at org.testng.internal.Invoker.invokeMethod(Invoker.java:659)
	at org.testng.internal.Invoker.invokeTestMethod(Invoker.java:845)
	at org.testng.internal.Invoker.invokeTestMethods(Invoker.java:1153)
	at org.testng.internal.TestMethodWorker.invokeTestMethods(TestMethodWorker.java:125)
	at org.testng.internal.TestMethodWorker.run(TestMethodWorker.java:108)
	at org.testng.TestRunner.privateRun(TestRunner.java:771)
	at org.testng.TestRunner.run(TestRunner.java:621)
	at org.testng.SuiteRunner.runTest(SuiteRunner.java:352)
	at org.testng.SuiteRunner.runSequentially(SuiteRunner.java:347)
	at org.testng.SuiteRunner.privateRun(SuiteRunner.java:305)
	at org.testng.SuiteRunner.run(SuiteRunner.java:254)
	at org.testng.SuiteRunnerWorker.runSuite(SuiteRunnerWorker.java:52)
	at org.testng.SuiteRunnerWorker.run(SuiteRunnerWorker.java:86)
	at org.testng.TestNG.runSuitesSequentially(TestNG.java:1199)
	at org.testng.TestNG.runSuitesLocally(TestNG.java:1124)
	at org.testng.TestNG.run(TestNG.java:1032)
	at org.testng.remote.RemoteTestNG.run(RemoteTestNG.java:111)
	at org.testng.remote.RemoteTestNG.initAndRun(RemoteTestNG.java:204)
	at org.testng.remote.RemoteTestNG.main(RemoteTestNG.java:175)
]]>
            </full-stacktrace>
          </exception> <!-- java.lang.NullPointerException -->
          <reporter-output>
          </reporter-output>
        </test-method> <!-- Like -->
        <test-method status="FAIL" signature="LikePage()[pri:0, instance:com.FCI.SWE.ServicesModelsTests.LikePageEntityTest@2e4a4890]" name="LikePage" duration-ms="3" started-at="2015-05-16T14:40:11Z" finished-at="2015-05-16T14:40:11Z">
          <exception class="java.lang.AssertionError">
            <message>
              <![CDATA[expected [null] but found [Liked]]]>
            </message>
            <full-stacktrace>
              <![CDATA[java.lang.AssertionError: expected [null] but found [Liked]
	at org.testng.Assert.fail(Assert.java:94)
	at org.testng.Assert.failNotEquals(Assert.java:496)
	at org.testng.Assert.assertEquals(Assert.java:116)
	at org.testng.Assert.assertEquals(Assert.java:178)
	at org.testng.Assert.assertEquals(Assert.java:188)
	at com.FCI.SWE.ServicesModelsTests.LikePageEntityTest.LikePage(LikePageEntityTest.java:37)
	at sun.reflect.NativeMethodAccessorImpl.invoke0(Native Method)
	at sun.reflect.NativeMethodAccessorImpl.invoke(NativeMethodAccessorImpl.java:57)
	at sun.reflect.DelegatingMethodAccessorImpl.invoke(DelegatingMethodAccessorImpl.java:43)
	at java.lang.reflect.Method.invoke(Method.java:606)
	at org.testng.internal.MethodInvocationHelper.invokeMethod(MethodInvocationHelper.java:85)
	at org.testng.internal.Invoker.invokeMethod(Invoker.java:659)
	at org.testng.internal.Invoker.invokeTestMethod(Invoker.java:845)
	at org.testng.internal.Invoker.invokeTestMethods(Invoker.java:1153)
	at org.testng.internal.TestMethodWorker.invokeTestMethods(TestMethodWorker.java:125)
	at org.testng.internal.TestMethodWorker.run(TestMethodWorker.java:108)
	at org.testng.TestRunner.privateRun(TestRunner.java:771)
	at org.testng.TestRunner.run(TestRunner.java:621)
	at org.testng.SuiteRunner.runTest(SuiteRunner.java:352)
	at org.testng.SuiteRunner.runSequentially(SuiteRunner.java:347)
	at org.testng.SuiteRunner.privateRun(SuiteRunner.java:305)
	at org.testng.SuiteRunner.run(SuiteRunner.java:254)
	at org.testng.SuiteRunnerWorker.runSuite(SuiteRunnerWorker.java:52)
	at org.testng.SuiteRunnerWorker.run(SuiteRunnerWorker.java:86)
	at org.testng.TestNG.runSuitesSequentially(TestNG.java:1199)
	at org.testng.TestNG.runSuitesLocally(TestNG.java:1124)
	at org.testng.TestNG.run(TestNG.java:1032)
	at org.testng.remote.RemoteTestNG.run(RemoteTestNG.java:111)
	at org.testng.remote.RemoteTestNG.initAndRun(RemoteTestNG.java:204)
	at org.testng.remote.RemoteTestNG.main(RemoteTestNG.java:175)
]]>
            </full-stacktrace>
          </exception> <!-- java.lang.AssertionError -->
          <reporter-output>
          </reporter-output>
        </test-method> <!-- LikePage -->
        <test-method status="PASS" signature="LikePageEntityStringString()[pri:0, instance:com.FCI.SWE.ServicesModelsTests.LikePageEntityTest@2e4a4890]" name="LikePageEntityStringString" duration-ms="0" started-at="2015-05-16T14:40:11Z" finished-at="2015-05-16T14:40:11Z">
          <reporter-output>
          </reporter-output>
        </test-method> <!-- LikePageEntityStringString -->
        <test-method status="PASS" signature="f(java.lang.Integer, java.lang.String)[pri:0, instance:com.FCI.SWE.ServicesModelsTests.LikePageEntityTest@2e4a4890]" name="f" duration-ms="0" started-at="2015-05-16T14:40:11Z" data-provider="dp" finished-at="2015-05-16T14:40:11Z">
          <params>
            <param index="0">
              <value>
                <![CDATA[1]]>
              </value>
            </param>
            <param index="1">
              <value>
                <![CDATA[a]]>
              </value>
            </param>
          </params>
          <reporter-output>
          </reporter-output>
        </test-method> <!-- f -->
        <test-method status="PASS" signature="f(java.lang.Integer, java.lang.String)[pri:0, instance:com.FCI.SWE.ServicesModelsTests.LikePageEntityTest@2e4a4890]" name="f" duration-ms="0" started-at="2015-05-16T14:40:11Z" data-provider="dp" finished-at="2015-05-16T14:40:11Z">
          <params>
            <param index="0">
              <value>
                <![CDATA[2]]>
              </value>
            </param>
            <param index="1">
              <value>
                <![CDATA[b]]>
              </value>
            </param>
          </params>
          <reporter-output>
          </reporter-output>
        </test-method> <!-- f -->
      </class> <!-- com.FCI.SWE.ServicesModelsTests.LikePageEntityTest -->
    </test> <!-- Default test -->
  </suite> <!-- Default suite -->
</testng-results>
